\BOOKMARK [0][-]{chapter*.7}{\376\377\000E\000i\000n\000f\000\374\000h\000r\000u\000n\000g}{}% 1
\BOOKMARK [0][-]{chapter.1}{\376\377\000G\000r\000u\000n\000d\000l\000a\000g\000e\000n\000\040\000u\000n\000d\000\040\000v\000e\000r\000w\000a\000n\000d\000t\000e\000\040\000A\000r\000b\000e\000i\000t\000e\000n}{}% 2
\BOOKMARK [1][-]{section.1.1}{\376\377\000G\000e\000s\000u\000n\000d\000h\000e\000i\000t\000s\000\366\000k\000o\000n\000o\000m\000i\000s\000c\000h\000e\000r\000\040\000H\000i\000n\000t\000e\000r\000g\000r\000u\000n\000d}{chapter.1}% 3
\BOOKMARK [1][-]{section.1.2}{\376\377\000R\000a\000u\000c\000h\000v\000e\000r\000l\000a\000n\000g\000e\000n\000,\000\040\000A\000u\000s\000l\000\366\000s\000e\000r\000r\000e\000i\000z\000e\000\040\000u\000n\000d\000\040\000C\000u\000e\000-\000L\000a\000b\000e\000l\000i\000n\000g}{chapter.1}% 4
\BOOKMARK [1][-]{section.1.3}{\376\377\000D\000i\000g\000i\000t\000a\000l\000e\000\040\000u\000n\000d\000\040\000i\000m\000m\000e\000r\000s\000i\000v\000e\000\040\000I\000n\000t\000e\000r\000v\000e\000n\000t\000i\000o\000n\000e\000n}{chapter.1}% 5
\BOOKMARK [1][-]{section.1.4}{\376\377\000M\000e\000s\000s\000u\000n\000g\000,\000\040\000S\000t\000i\000c\000h\000p\000r\000o\000b\000e\000n\000p\000l\000a\000n\000u\000n\000g\000\040\000u\000n\000d\000\040\000k\000l\000i\000n\000i\000s\000c\000h\000e\000\040\000E\000i\000n\000o\000r\000d\000n\000u\000n\000g}{chapter.1}% 6
\BOOKMARK [0][-]{chapter.2}{\376\377\000R\000e\000c\000h\000t\000l\000i\000c\000h\000e\000\040\000R\000a\000h\000m\000e\000n\000b\000e\000d\000i\000n\000g\000u\000n\000g\000e\000n}{}% 7
\BOOKMARK [1][-]{section.2.1}{\376\377\000T\000e\000i\000l\000n\000a\000h\000m\000e}{chapter.2}% 8
\BOOKMARK [1][-]{section.2.2}{\376\377\000D\000a\000t\000e\000n\000s\000c\000h\000u\000t\000z}{chapter.2}% 9
\BOOKMARK [1][-]{section.2.3}{\376\377\000U\000r\000h\000e\000b\000e\000r\000-\000\040\000u\000n\000d\000\040\000M\000a\000r\000k\000e\000n\000r\000e\000c\000h\000t}{chapter.2}% 10
\BOOKMARK [0][-]{chapter.3}{\376\377\000E\000v\000a\000l\000u\000a\000t\000i\000o\000n\000\040\000g\000e\000e\000i\000g\000n\000e\000t\000e\000r\000\040\000K\000I\000-\000M\000o\000d\000e\000l\000l\000e}{}% 11
\BOOKMARK [1][-]{section.3.1}{\376\377\000T\000e\000c\000h\000n\000i\000s\000c\000h\000e\000\040\000G\000r\000u\000n\000d\000l\000a\000g\000e\000n\000\040\000d\000e\000r\000\040\000K\000I\000-\000g\000e\000s\000t\000\374\000t\000z\000t\000e\000n\000\040\000R\000e\000i\000z\000e\000r\000k\000e\000n\000n\000u\000n\000g}{chapter.3}% 12
\BOOKMARK [0][-]{chapter.4}{\376\377\000T\000e\000c\000h\000n\000i\000s\000c\000h\000e\000\040\000A\000n\000f\000o\000r\000d\000e\000r\000u\000n\000g\000e\000n\000\040\000a\000n\000\040\000E\000n\000d\000g\000e\000r\000\344\000t\000e}{}% 13
\BOOKMARK [1][-]{section.4.1}{\376\377\000G\000r\000u\000n\000d\000f\000u\000n\000k\000t\000i\000o\000n\000e\000n}{chapter.4}% 14
\BOOKMARK [1][-]{section.4.2}{\376\377\000K\000I\000-\000F\000u\000n\000k\000t\000i\000o\000n\000a\000l\000i\000t\000\344\000t}{chapter.4}% 15
\BOOKMARK [0][-]{chapter.5}{\376\377\000A\000p\000p\000e\000n\000t\000w\000i\000c\000k\000l\000u\000n\000g}{}% 16
\BOOKMARK [1][-]{section.5.1}{\376\377\000S\000i\000c\000h\000e\000r\000h\000e\000i\000t}{chapter.5}% 17
\BOOKMARK [0][-]{chapter.6}{\376\377\000P\000l\000a\000n\000u\000n\000g\000\040\000u\000n\000d\000\040\000D\000u\000r\000c\000h\000f\000\374\000h\000r\000u\000n\000g\000\040\000d\000e\000r\000\040\000A\000p\000p\000-\000S\000t\000u\000d\000i\000e}{}% 18
\BOOKMARK [1][-]{section.6.1}{\376\377\000Z\000i\000e\000l\000s\000e\000t\000z\000u\000n\000g\000\040\000u\000n\000d\000\040\000S\000t\000u\000d\000i\000e\000n\000l\000o\000g\000i\000k}{chapter.6}% 19
\BOOKMARK [1][-]{section.6.2}{\376\377\000S\000t\000u\000d\000i\000e\000n\000d\000e\000s\000i\000g\000n}{chapter.6}% 20
\BOOKMARK [1][-]{section.6.3}{\376\377\000E\000i\000n\000s\000c\000h\000l\000u\000s\000s\000,\000\040\000R\000e\000k\000r\000u\000t\000i\000e\000r\000u\000n\000g\000\040\000u\000n\000d\000\040\000T\000e\000i\000l\000n\000a\000h\000m\000e\000p\000r\000\374\000f\000u\000n\000g}{chapter.6}% 21
\BOOKMARK [1][-]{section.6.4}{\376\377\000A\000b\000l\000a\000u\000f\000\040\000d\000e\000r\000\040\000T\000e\000i\000l\000n\000a\000h\000m\000e}{chapter.6}% 22
\BOOKMARK [1][-]{section.6.5}{\376\377\000D\000a\000t\000e\000n\000f\000l\000\374\000s\000s\000e\000\040\000i\000m\000\040\000S\000t\000u\000d\000i\000e\000n\000b\000e\000t\000r\000i\000e\000b}{chapter.6}% 23
\BOOKMARK [1][-]{section.6.6}{\376\377\000S\000t\000u\000d\000i\000e\000n\000b\000e\000t\000r\000i\000e\000b\000,\000\040\000M\000o\000n\000i\000t\000o\000r\000i\000n\000g\000\040\000u\000n\000d\000\040\000S\000u\000p\000p\000o\000r\000t}{chapter.6}% 24
\BOOKMARK [1][-]{section.6.7}{\376\377\000Q\000u\000a\000l\000i\000t\000\344\000t\000s\000s\000i\000c\000h\000e\000r\000u\000n\000g\000\040\000u\000n\000d\000\040\000A\000u\000s\000w\000e\000r\000t\000u\000n\000g\000s\000v\000o\000r\000b\000e\000r\000e\000i\000t\000u\000n\000g}{chapter.6}% 25
\BOOKMARK [0][-]{chapter.7}{\376\377\000A\000u\000s\000w\000e\000r\000t\000u\000n\000g\000\040\000d\000e\000r\000\040\000B\000e\000r\000i\000c\000h\000t\000e}{}% 26
\BOOKMARK [0][-]{chapter.8}{\376\377\000F\000a\000z\000i\000t\000\040\000u\000n\000d\000\040\000A\000u\000s\000b\000l\000i\000c\000k}{}% 27
\BOOKMARK [0][-]{appendix.A}{\376\377\000A\000d\000r\000e\000s\000s\000e\000n}{}% 28
\BOOKMARK [1][-]{section.A.1}{\376\377\000S\000u\000c\000h\000t\000h\000i\000l\000f\000e\000v\000e\000r\000z\000e\000i\000c\000h\000n\000i\000s\000\040\000d\000e\000r\000\040\000D\000H\000S}{appendix.A}% 29
\BOOKMARK [1][-]{section.A.2}{\376\377\000i\000n\000f\000o\000d\000r\000o\000g\000\040\000S\000u\000c\000h\000t\000i\000n\000d\000e\000x}{appendix.A}% 30
\BOOKMARK [0][-]{appendix.B}{\376\377\000F\000l\000y\000e\000r}{}% 31
\BOOKMARK [0][-]{appendix.C}{\376\377\000S\000t\000u\000d\000i\000e\000n\000i\000n\000f\000o\000r\000m\000a\000t\000i\000o\000n}{}% 32
\BOOKMARK [0][-]{appendix.D}{\376\377\000D\000a\000t\000e\000n\000s\000c\000h\000u\000t\000z\000e\000r\000k\000l\000\344\000r\000u\000n\000g}{}% 33
